<?xml version="1.0" encoding="UTF-8"?>
<testng-results skipped="0" failed="0" ignored="0" total="1" passed="1">
  <reporter-output>
  </reporter-output>
  <suite name="Default suite" duration-ms="23668" started-at="2020-04-28T15:55:23Z" finished-at="2020-04-28T15:55:47Z">
    <groups>
    </groups>
    <test name="Default test" duration-ms="23668" started-at="2020-04-28T15:55:23Z" finished-at="2020-04-28T15:55:47Z">
      <class name="com.edu.lijiaqi.RNS.CommentTest">
        <test-method status="PASS" signature="Connet()[pri:0, instance:com.edu.lijiaqi.RNS.CommentTest@61832929]" name="Connet" is-config="true" duration-ms="16096" started-at="2020-04-28T15:55:23Z" finished-at="2020-04-28T15:55:39Z">
          <reporter-output>
          </reporter-output>
        </test-method> <!-- Connet -->
        <test-method status="PASS" signature="comtTest(java.lang.String)[pri:0, instance:com.edu.lijiaqi.RNS.CommentTest@61832929]" name="comtTest" duration-ms="6756" started-at="2020-04-28T15:55:40Z" description="评论" data-provider="data1" finished-at="2020-04-28T15:55:47Z">
          <params>
            <param index="0">
              <value>
                <![CDATA[这1a？]]>
              </value>
            </param>
          </params>
          <reporter-output>
          </reporter-output>
        </test-method> <!-- comtTest -->
      </class> <!-- com.edu.lijiaqi.RNS.CommentTest -->
    </test> <!-- Default test -->
  </suite> <!-- Default suite -->
</testng-results>
