<?xml version="1.0" encoding="UTF-8"?>
<testng-results skipped="0" failed="0" ignored="0" total="1" passed="1">
  <reporter-output>
  </reporter-output>
  <suite name="Default suite" duration-ms="100825" started-at="2020-05-07T07:47:15Z" finished-at="2020-05-07T07:48:55Z">
    <groups>
    </groups>
    <test name="Default test" duration-ms="100825" started-at="2020-05-07T07:47:15Z" finished-at="2020-05-07T07:48:55Z">
      <class name="edu.testcase.WeatherPageTest">
        <test-method status="PASS" signature="startUp()[pri:0, instance:edu.testcase.WeatherPageTest@1b604f19]" name="startUp" is-config="true" duration-ms="60552" started-at="2020-05-07T07:47:15Z" finished-at="2020-05-07T07:48:15Z">
          <reporter-output>
          </reporter-output>
        </test-method> <!-- startUp -->
        <test-method status="PASS" signature="enterWeatherPage()[pri:0, instance:edu.testcase.WeatherPageTest@1b604f19]" name="enterWeatherPage" is-config="true" duration-ms="25718" started-at="2020-05-07T07:48:15Z" finished-at="2020-05-07T07:48:41Z">
          <reporter-output>
          </reporter-output>
        </test-method> <!-- enterWeatherPage -->
        <test-method status="PASS" signature="testSearchCity5()[pri:0, instance:edu.testcase.WeatherPageTest@1b604f19]" name="testSearchCity5" duration-ms="7259" started-at="2020-05-07T07:48:41Z" description="测试输入超出最大长度的字符" finished-at="2020-05-07T07:48:49Z">
          <reporter-output>
          </reporter-output>
        </test-method> <!-- testSearchCity5 -->
        <test-method status="PASS" signature="logout()[pri:0, instance:edu.testcase.WeatherPageTest@1b604f19]" name="logout" is-config="true" duration-ms="6561" started-at="2020-05-07T07:48:49Z" finished-at="2020-05-07T07:48:55Z">
          <reporter-output>
          </reporter-output>
        </test-method> <!-- logout -->
        <test-method status="PASS" signature="tearDown()[pri:0, instance:edu.testcase.WeatherPageTest@1b604f19]" name="tearDown" is-config="true" duration-ms="3" started-at="2020-05-07T07:48:55Z" finished-at="2020-05-07T07:48:55Z">
          <reporter-output>
          </reporter-output>
        </test-method> <!-- tearDown -->
      </class> <!-- edu.testcase.WeatherPageTest -->
    </test> <!-- Default test -->
  </suite> <!-- Default suite -->
</testng-results>
